Invalid port. Exiting...
Invalid port. Exiting...
Invalid port. Exiting...
Invalid port. Exiting...
Invalid port. Exiting...
Invalid port. Exiting...
1679336607476	geckodriver	INFO	Listening on 127.0.0.1:61960
1679336610501	mozrunner::runner	INFO	Running command: "C:\\Program Files\\Mozilla Firefox\\firefox.exe" "--marionette" "--remote-debugging-port" "61961" "--remote-allow-hosts" "localhost" "-no-remote" "-profile" "C:\\Users\\hjasani\\AppData\\Local\\Temp\\rust_mozprofileyiwh49"
console.error: Enterprise Policies: 
  Unknown policy: 
console.warn: services.settings: Ignoring preference override of remote settings server
console.warn: services.settings: Allow by setting MOZ_REMOTE_SETTINGS_DEVTOOLS=1 in the environment
1679336610933	Marionette	INFO	Marionette enabled
Dynamically enable window occlusion 0
1679336610938	Marionette	INFO	Listening on port 61971
Read port: 61971
WebDriver BiDi listening on ws://127.0.0.1:61961
1679336611088	RemoteAgent	WARN	TLS certificate errors will be ignored for this session
console.error: Policies.jsm: 
  Download failed - ERROR_CORRUPT_FILE - https://google.com/
console.warn: SearchSettings: "get: No settings file exists, new profile?" (new NotFoundError("Could not open the file at C:\\Users\\hjasani\\AppData\\Local\\Temp\\rust_mozprofileyiwh49\\search.json.mozlz4", (void 0)))
DevTools listening on ws://127.0.0.1:61961/devtools/browser/09b19f7f-aed1-4bf6-960e-fa98bdf22388
1679336617434	Marionette	WARN	TimedPromise timed out after 500 ms: stacktrace:
TimedPromise/<@chrome://remote/content/marionette/sync.sys.mjs:219:24
TimedPromise@chrome://remote/content/marionette/sync.sys.mjs:204:10
interaction.flushEventLoop@chrome://remote/content/marionette/interaction.sys.mjs:425:10
webdriverClickElement@chrome://remote/content/marionette/interaction.sys.mjs:173:31
console.warn: LoginRecipes: "Falling back to a synchronous message for: http://admin-test.venuepositioning.com."
console.warn: LoginRecipes: "Falling back to a synchronous message for: http://admin-test.venuepositioning.com."
1679336634834	Marionette	INFO	Stopped listening on port 61971
Dynamically enable window occlusion 1
